<?xml version="1.0" encoding="UTF-8"?>
<testsuite name="com.globaltech.ticketmaster.order.infrastructure.rest.OrderControllerTest" tests="2" skipped="0" failures="0" errors="0" timestamp="2026-06-29T18:57:49.514Z" hostname="pop-os" time="0.13">
  <properties/>
  <testcase name="Should create order with success and return 202 Accepted when request is authenticated" classname="com.globaltech.ticketmaster.order.infrastructure.rest.OrderControllerTest" time="0.12"/>
  <testcase name="Should return 403 Forbidden when JWT is missing required scope" classname="com.globaltech.ticketmaster.order.infrastructure.rest.OrderControllerTest" time="0.009"/>
  <system-out><![CDATA[15:57:45.960 [Test worker] INFO org.springframework.test.context.support.AnnotationConfigContextLoaderUtils -- Could not detect default configuration classes for test class [com.globaltech.ticketmaster.order.infrastructure.rest.OrderControllerTest]: OrderControllerTest does not declare any static, non-private, non-final, nested classes annotated with @Configuration.
15:57:46.028 [Test worker] INFO org.springframework.boot.test.context.SpringBootTestContextBootstrapper -- Found @SpringBootConfiguration com.globaltech.ticketmaster.order.OrderServiceApplication for test class com.globaltech.ticketmaster.order.infrastructure.rest.OrderControllerTest

  .   ____          _            __ _ _
 /\\ / ___'_ __ _ _(_)_ __  __ _ \ \ \ \
( ( )\___ | '_ | '_| | '_ \/ _` | \ \ \ \
 \\/  ___)| |_)| | | | | || (_| |  ) ) ) )
  '  |____| .__|_| |_|_| |_\__, | / / / /
 =========|_|==============|___/=/_/_/_/

 :: Spring Boot ::                (v3.3.4)

2026-06-29T15:57:46.245-03:00  INFO 231432 --- [order-service] [    Test worker] c.g.t.o.i.rest.OrderControllerTest       : Starting OrderControllerTest using Java 23 with PID 231432 (started by biancav15 in /home/biancav15/Documentos/Workspaces/Ticketmaster/ticketmaster-parent/order-service)
2026-06-29T15:57:46.246-03:00  INFO 231432 --- [order-service] [    Test worker] c.g.t.o.i.rest.OrderControllerTest       : The following 1 profile is active: "test"
2026-06-29T15:57:46.603-03:00  INFO 231432 --- [order-service] [    Test worker] .s.d.r.c.RepositoryConfigurationDelegate : Multiple Spring Data modules found, entering strict repository configuration mode
2026-06-29T15:57:46.603-03:00  INFO 231432 --- [order-service] [    Test worker] .s.d.r.c.RepositoryConfigurationDelegate : Bootstrapping Spring Data JPA repositories in DEFAULT mode.
2026-06-29T15:57:46.670-03:00  INFO 231432 --- [order-service] [    Test worker] .s.d.r.c.RepositoryConfigurationDelegate : Finished Spring Data repository scanning in 63 ms. Found 1 JPA repository interface.
2026-06-29T15:57:46.681-03:00  INFO 231432 --- [order-service] [    Test worker] .s.d.r.c.RepositoryConfigurationDelegate : Multiple Spring Data modules found, entering strict repository configuration mode
2026-06-29T15:57:46.682-03:00  INFO 231432 --- [order-service] [    Test worker] .s.d.r.c.RepositoryConfigurationDelegate : Bootstrapping Spring Data Redis repositories in DEFAULT mode.
2026-06-29T15:57:46.690-03:00  INFO 231432 --- [order-service] [    Test worker] .RepositoryConfigurationExtensionSupport : Spring Data Redis - Could not safely identify store assignment for repository candidate interface com.globaltech.ticketmaster.order.infrastructure.database.SpringDataOrderRepository; If you want this repository to be a Redis repository, consider annotating your entities with one of these annotations: org.springframework.data.redis.core.RedisHash (preferred), or consider extending one of the following types with your repository: org.springframework.data.keyvalue.repository.KeyValueRepository
2026-06-29T15:57:46.690-03:00  INFO 231432 --- [order-service] [    Test worker] .s.d.r.c.RepositoryConfigurationDelegate : Finished Spring Data repository scanning in 3 ms. Found 0 Redis repository interfaces.
2026-06-29T15:57:47.580-03:00  INFO 231432 --- [order-service] [    Test worker] o.s.b.w.embedded.tomcat.TomcatWebServer  : Tomcat initialized with port 0 (http)
2026-06-29T15:57:47.589-03:00  INFO 231432 --- [order-service] [    Test worker] o.apache.catalina.core.StandardService   : Starting service [Tomcat]
2026-06-29T15:57:47.589-03:00  INFO 231432 --- [order-service] [    Test worker] o.apache.catalina.core.StandardEngine    : Starting Servlet engine: [Apache Tomcat/10.1.30]
2026-06-29T15:57:47.621-03:00  INFO 231432 --- [order-service] [    Test worker] o.a.c.c.C.[Tomcat].[localhost].[/]       : Initializing Spring embedded WebApplicationContext
2026-06-29T15:57:47.622-03:00  INFO 231432 --- [order-service] [    Test worker] w.s.c.ServletWebServerApplicationContext : Root WebApplicationContext: initialization completed in 1368 ms
2026-06-29T15:57:47.754-03:00  INFO 231432 --- [order-service] [    Test worker] com.zaxxer.hikari.HikariDataSource       : HikariPool-1 - Starting...
2026-06-29T15:57:47.872-03:00  INFO 231432 --- [order-service] [    Test worker] com.zaxxer.hikari.pool.HikariPool        : HikariPool-1 - Added connection org.postgresql.jdbc.PgConnection@dddcd91
2026-06-29T15:57:47.873-03:00  INFO 231432 --- [order-service] [    Test worker] com.zaxxer.hikari.HikariDataSource       : HikariPool-1 - Start completed.
2026-06-29T15:57:47.893-03:00  INFO 231432 --- [order-service] [    Test worker] org.flywaydb.core.FlywayExecutor         : Database: jdbc:postgresql://localhost:5433/ticketmaster_orders (PostgreSQL 16.14)
2026-06-29T15:57:47.918-03:00  INFO 231432 --- [order-service] [    Test worker] o.f.c.i.s.JdbcTableSchemaHistory         : Schema history table "public"."flyway_schema_history" does not exist yet
2026-06-29T15:57:47.920-03:00  INFO 231432 --- [order-service] [    Test worker] o.f.core.internal.command.DbValidate     : Successfully validated 1 migration (execution time 00:00.010s)
2026-06-29T15:57:47.930-03:00  INFO 231432 --- [order-service] [    Test worker] o.f.c.i.s.JdbcTableSchemaHistory         : Creating Schema History table "public"."flyway_schema_history" ...
2026-06-29T15:57:47.985-03:00  INFO 231432 --- [order-service] [    Test worker] o.f.core.internal.command.DbMigrate      : Current version of schema "public": << Empty Schema >>
2026-06-29T15:57:47.992-03:00  INFO 231432 --- [order-service] [    Test worker] o.f.core.internal.command.DbMigrate      : Migrating schema "public" to version "1 - create orders table"
2026-06-29T15:57:48.015-03:00  INFO 231432 --- [order-service] [    Test worker] o.f.core.internal.command.DbMigrate      : Successfully applied 1 migration to schema "public", now at version v1 (execution time 00:00.010s)
2026-06-29T15:57:48.060-03:00  INFO 231432 --- [order-service] [    Test worker] o.hibernate.jpa.internal.util.LogHelper  : HHH000204: Processing PersistenceUnitInfo [name: default]
2026-06-29T15:57:48.085-03:00  INFO 231432 --- [order-service] [    Test worker] org.hibernate.Version                    : HHH000412: Hibernate ORM core version 6.5.3.Final
2026-06-29T15:57:48.103-03:00  INFO 231432 --- [order-service] [    Test worker] o.h.c.internal.RegionFactoryInitiator    : HHH000026: Second-level cache disabled
2026-06-29T15:57:48.177-03:00  INFO 231432 --- [order-service] [    Test worker] o.s.o.j.p.SpringPersistenceUnitInfo      : No LoadTimeWeaver setup: ignoring JPA class transformer
2026-06-29T15:57:48.208-03:00  WARN 231432 --- [order-service] [    Test worker] org.hibernate.orm.deprecation            : HHH90000025: PostgreSQLDialect does not need to be specified explicitly using 'hibernate.dialect' (remove the property setting and it will be selected by default)
2026-06-29T15:57:48.727-03:00  INFO 231432 --- [order-service] [    Test worker] o.h.e.t.j.p.i.JtaPlatformInitiator       : HHH000489: No JTA platform available (set 'hibernate.transaction.jta.platform' to enable JTA platform integration)
2026-06-29T15:57:48.749-03:00  INFO 231432 --- [order-service] [    Test worker] j.LocalContainerEntityManagerFactoryBean : Initialized JPA EntityManagerFactory for persistence unit 'default'
2026-06-29T15:57:48.792-03:00  WARN 231432 --- [order-service] [    Test worker] JpaBaseConfiguration$JpaWebConfiguration : spring.jpa.open-in-view is enabled by default. Therefore, database queries may be performed during view rendering. Explicitly configure spring.jpa.open-in-view to disable this warning
2026-06-29T15:57:49.481-03:00  INFO 231432 --- [order-service] [    Test worker] o.a.c.c.C.[Tomcat].[localhost].[/]       : Initializing Spring TestDispatcherServlet ''
2026-06-29T15:57:49.482-03:00  INFO 231432 --- [order-service] [    Test worker] o.s.t.web.servlet.TestDispatcherServlet  : Initializing Servlet ''
2026-06-29T15:57:49.482-03:00  INFO 231432 --- [order-service] [    Test worker] o.s.t.web.servlet.TestDispatcherServlet  : Completed initialization in 0 ms
2026-06-29T15:57:49.503-03:00  INFO 231432 --- [order-service] [    Test worker] o.s.b.w.embedded.tomcat.TomcatWebServer  : Tomcat started on port 38091 (http) with context path '/'
2026-06-29T15:57:49.509-03:00  INFO 231432 --- [order-service] [    Test worker] c.g.t.o.i.rest.OrderControllerTest       : Started OrderControllerTest in 3.414 seconds (process running for 4.041)
]]></system-out>
  <system-err><![CDATA[WARNING: A Java agent has been loaded dynamically (/home/biancav15/.gradle/caches/modules-2/files-2.1/net.bytebuddy/byte-buddy-agent/1.14.19/154da3a65b4f4a909d3e5bdec55d1b2b4cbb6ce1/byte-buddy-agent-1.14.19.jar)
WARNING: If a serviceability tool is in use, please run with -XX:+EnableDynamicAgentLoading to hide this warning
WARNING: If a serviceability tool is not in use, please run with -Djdk.instrument.traceUsage for more information
WARNING: Dynamic loading of agents will be disallowed by default in a future release
]]></system-err>
</testsuite>
